<?xml version="1.0" encoding="UTF-8"?>
<!-- Generated by org.testng.reporters.JUnitXMLReporter -->
<testsuite hostname="sys" name="On Firefox" tests="4" failures="0" timestamp="3 Dec 2015 13:53:28 GMT" time="121.137" errors="0">
  <testcase name="loginTest" time="41.361" classname="com.orangehrm.testsuite.Login"/>
  <testcase name="addEmployeeTest" time="72.962" classname="com.orangehrm.testsuite.AddEmployee"/>
  <testcase name="screenshotTest" time="0.107" classname="com.orangehrm.testsuite.CapturingScreenshot">
    <skipped/>
  </testcase> <!-- screenshotTest -->
  <testcase name="logoutTest" time="6.627" classname="com.orangehrm.testsuite.Logout"/>
</testsuite> <!-- On Firefox -->
